[debug] [2020-03-19T22:29:37.156Z] ----------------------------------------------------------------------
[debug] [2020-03-19T22:29:37.160Z] Command:       /usr/local/bin/node /usr/local/bin/firebase init
[debug] [2020-03-19T22:29:37.160Z] CLI Version:   7.15.1
[debug] [2020-03-19T22:29:37.160Z] Platform:      darwin
[debug] [2020-03-19T22:29:37.160Z] Node Version:  v12.16.1
[debug] [2020-03-19T22:29:37.162Z] Time:          Thu Mar 19 2020 15:29:37 GMT-0700 (Pacific Daylight Time)
[debug] [2020-03-19T22:29:37.162Z] ----------------------------------------------------------------------
[debug] [2020-03-19T22:29:37.163Z] 
[debug] [2020-03-19T22:29:37.287Z] > command requires scopes: ["email","openid","https://www.googleapis.com/auth/cloudplatformprojects.readonly","https://www.googleapis.com/auth/firebase","https://www.googleapis.com/auth/cloud-platform"]
[debug] [2020-03-19T22:29:37.287Z] > authorizing via signed-in user
[info] 
     ######## #### ########  ######## ########     ###     ######  ########
     ##        ##  ##     ## ##       ##     ##  ##   ##  ##       ##
     ######    ##  ########  ######   ########  #########  ######  ######
     ##        ##  ##    ##  ##       ##     ## ##     ##       ## ##
     ##       #### ##     ## ######## ########  ##     ##  ######  ########

You're about to initialize a Firebase project in this directory:

  /Users/Nyapal/Documents/GitHub/excursion

Before we get started, keep in mind:

  * You are initializing in an existing Firebase project directory

[debug] [2020-03-19T22:56:51.413Z] Error: read EIO
    at TTY.onStreamRead (internal/stream_base_commons.js:205:27)
